<?xml version="1.0" encoding="UTF-8"?>
<!-- Generated by org.testng.reporters.JUnitXMLReporter -->
<testsuite ignored="0" hostname="DESKTOP-I9IFEEO" failures="0" tests="4" name="Default test" time="30.327" errors="0" timestamp="2025-04-17T14:14:12 IST">
  <testcase classname="jaxportal.tests.adminTest" name="FlowFour" time="4.694"/>
  <testcase classname="jaxportal.tests.adminTest" name="FlowThree" time="5.558"/>
  <testcase classname="jaxportal.tests.adminTest" name="FlowTwo" time="5.901"/>
  <testcase classname="jaxportal.tests.adminTest" name="Flowone" time="5.846"/>
</testsuite> <!-- Default test -->
