<?xml version="1.0" encoding="UTF-8"?>
<testng-results ignored="3" total="4" passed="1" failed="0" skipped="0">
  <reporter-output>
  </reporter-output>
  <suite started-at="2025-04-29T17:31:54 IST" name="JaxPortal" finished-at="2025-04-29T17:32:04 IST" duration-ms="10122">
    <groups>
      <group name="smoke">
        <method signature="adminTest.FlowFour()[pri:0, instance:jaxportal.tests.adminTest@3270d194]" name="FlowFour" class="jaxportal.tests.adminTest"/>
      </group> <!-- smoke -->
    </groups>
    <test started-at="2025-04-29T17:31:54 IST" name="Test-1" finished-at="2025-04-29T17:32:04 IST" duration-ms="10122">
      <class name="jaxportal.tests.adminTest">
        <test-method is-config="true" signature="launchApplication()[pri:0, instance:jaxportal.tests.adminTest@3270d194]" started-at="2025-04-29T17:31:54 IST" name="launchApplication" finished-at="2025-04-29T17:31:58 IST" duration-ms="4113" status="PASS">
          <reporter-output>
          </reporter-output>
        </test-method> <!-- launchApplication -->
        <test-method signature="FlowFour()[pri:0, instance:jaxportal.tests.adminTest@3270d194]" started-at="2025-04-29T17:31:58 IST" name="FlowFour" finished-at="2025-04-29T17:32:04 IST" duration-ms="5968" status="PASS">
          <reporter-output>
          </reporter-output>
        </test-method> <!-- FlowFour -->
      </class> <!-- jaxportal.tests.adminTest -->
    </test> <!-- Test-1 -->
  </suite> <!-- JaxPortal -->
</testng-results>
